This file contains any messages produced by compilers while
running configure, to aid debugging if configure makes a mistake.

It was created by bm configure 1.2.0-deace1c9, which was
generated by GNU Autoconf 2.69.  Invocation command line was

  $ ./configure 

## --------- ##
## Platform. ##
## --------- ##

hostname = ubuntu
uname -m = x86_64
uname -r = 4.4.0-21-generic
uname -s = Linux
uname -v = #37-Ubuntu SMP Mon Apr 18 18:33:37 UTC 2016

/usr/bin/uname -p = unknown
/bin/uname -X     = unknown

/bin/arch              = unknown
/usr/bin/arch -k       = unknown
/usr/convex/getsysinfo = unknown
/usr/bin/hostinfo      = unknown
/bin/machine           = unknown
/usr/bin/oslevel       = unknown
/bin/universe          = unknown

PATH: /usr/local/sbin
PATH: /usr/local/bin
PATH: /usr/sbin
PATH: /usr/bin
PATH: /sbin
PATH: /bin
PATH: /usr/games
PATH: /usr/local/games
PATH: /snap/bin


## ----------- ##
## Core tests. ##
## ----------- ##

configure:2560: checking for a BSD-compatible install
configure:2628: result: /usr/bin/install -c
configure:2639: checking whether build environment is sane
configure:2694: result: yes
configure:2845: checking for a thread-safe mkdir -p
configure:2884: result: /bin/mkdir -p
configure:2891: checking for gawk
configure:2921: result: no
configure:2891: checking for mawk
configure:2907: found /usr/bin/mawk
configure:2918: result: mawk
configure:2929: checking whether make sets $(MAKE)
configure:2951: result: yes
configure:2980: checking whether make supports nested variables
configure:2997: result: yes
configure:3166: checking for a Python interpreter with version >= 2.7
configure:3183: python -c import sys # split strings by '.' and convert to numeric. Append some zeros # because we need at least 4 digits for the hex conversion. # map returns an iterator in Python 3.0 and a list in 2.x minver = list(map(int, '2.7'.split('.'))) + [0, 0, 0] minverhex = 0 # xrange is not present in Python 3.0 and range returns an iterator for i in list(range(0, 4)): minverhex = (minverhex << 8) + minver[i] sys.exit(sys.hexversion < minverhex)
configure:3186: $? = 0
configure:3192: result: python
configure:3200: checking for python
configure:3218: found /usr/bin/python
configure:3230: result: /usr/bin/python
configure:3248: checking for python version
configure:3255: result: 2.7
configure:3267: checking for python platform
configure:3274: result: linux2
configure:3300: checking for python script directory
configure:3335: result: ${prefix}/lib/python2.7/dist-packages
configure:3344: checking for python extension module directory
configure:3379: result: ${exec_prefix}/lib/python2.7/dist-packages
configure:3564: checking for g++
configure:3580: found /usr/bin/g++
configure:3591: result: g++
configure:3618: checking for C++ compiler version
configure:3627: g++ --version >&5
g++ (Ubuntu 5.4.0-6ubuntu1~16.04.2) 5.4.0 20160609
Copyright (C) 2015 Free Software Foundation, Inc.
This is free software; see the source for copying conditions.  There is NO
warranty; not even for MERCHANTABILITY or FITNESS FOR A PARTICULAR PURPOSE.

configure:3638: $? = 0
configure:3627: g++ -v >&5
Using built-in specs.
COLLECT_GCC=g++
COLLECT_LTO_WRAPPER=/usr/lib/gcc/x86_64-linux-gnu/5/lto-wrapper
Target: x86_64-linux-gnu
Configured with: ../src/configure -v --with-pkgversion='Ubuntu 5.4.0-6ubuntu1~16.04.2' --with-bugurl=file:///usr/share/doc/gcc-5/README.Bugs --enable-languages=c,ada,c++,java,go,d,fortran,objc,obj-c++ --prefix=/usr --program-suffix=-5 --enable-shared --enable-linker-build-id --libexecdir=/usr/lib --without-included-gettext --enable-threads=posix --libdir=/usr/lib --enable-nls --with-sysroot=/ --enable-clocale=gnu --enable-libstdcxx-debug --enable-libstdcxx-time=yes --with-default-libstdcxx-abi=new --enable-gnu-unique-object --disable-vtable-verify --enable-libmpx --enable-plugin --with-system-zlib --disable-browser-plugin --enable-java-awt=gtk --enable-gtk-cairo --with-java-home=/usr/lib/jvm/java-1.5.0-gcj-5-amd64/jre --enable-java-home --with-jvm-root-dir=/usr/lib/jvm/java-1.5.0-gcj-5-amd64 --with-jvm-jar-dir=/usr/lib/jvm-exports/java-1.5.0-gcj-5-amd64 --with-arch-directory=amd64 --with-ecj-jar=/usr/share/java/eclipse-ecj.jar --enable-objc-gc --enable-multiarch --disable-werror --with-arch-32=i686 --with-abi=m64 --with-multilib-list=m32,m64,mx32 --enable-multilib --with-tune=generic --enable-checking=release --build=x86_64-linux-gnu --host=x86_64-linux-gnu --target=x86_64-linux-gnu
Thread model: posix
gcc version 5.4.0 20160609 (Ubuntu 5.4.0-6ubuntu1~16.04.2) 
configure:3638: $? = 0
configure:3627: g++ -V >&5
g++: error: unrecognized command line option '-V'
g++: fatal error: no input files
compilation terminated.
configure:3638: $? = 1
configure:3627: g++ -qversion >&5
g++: error: unrecognized command line option '-qversion'
g++: fatal error: no input files
compilation terminated.
configure:3638: $? = 1
configure:3658: checking whether the C++ compiler works
configure:3680: g++    conftest.cpp  >&5
configure:3684: $? = 0
configure:3732: result: yes
configure:3735: checking for C++ compiler default output file name
configure:3737: result: a.out
configure:3743: checking for suffix of executables
configure:3750: g++ -o conftest    conftest.cpp  >&5
configure:3754: $? = 0
configure:3776: result: 
configure:3798: checking whether we are cross compiling
configure:3806: g++ -o conftest    conftest.cpp  >&5
configure:3810: $? = 0
configure:3817: ./conftest
configure:3821: $? = 0
configure:3836: result: no
configure:3841: checking for suffix of object files
configure:3863: g++ -c   conftest.cpp >&5
configure:3867: $? = 0
configure:3888: result: o
configure:3892: checking whether we are using the GNU C++ compiler
configure:3911: g++ -c   conftest.cpp >&5
configure:3911: $? = 0
configure:3920: result: yes
configure:3929: checking whether g++ accepts -g
configure:3949: g++ -c -g  conftest.cpp >&5
configure:3949: $? = 0
configure:3990: result: yes
configure:4024: checking for style of include used by make
configure:4052: result: GNU
configure:4078: checking dependency style of g++
configure:4189: result: gcc3
configure:4252: checking for gcc
configure:4268: found /usr/bin/gcc
configure:4279: result: gcc
configure:4508: checking for C compiler version
configure:4517: gcc --version >&5
gcc (Ubuntu 5.4.0-6ubuntu1~16.04.2) 5.4.0 20160609
Copyright (C) 2015 Free Software Foundation, Inc.
This is free software; see the source for copying conditions.  There is NO
warranty; not even for MERCHANTABILITY or FITNESS FOR A PARTICULAR PURPOSE.

configure:4528: $? = 0
configure:4517: gcc -v >&5
Using built-in specs.
COLLECT_GCC=gcc
COLLECT_LTO_WRAPPER=/usr/lib/gcc/x86_64-linux-gnu/5/lto-wrapper
Target: x86_64-linux-gnu
Configured with: ../src/configure -v --with-pkgversion='Ubuntu 5.4.0-6ubuntu1~16.04.2' --with-bugurl=file:///usr/share/doc/gcc-5/README.Bugs --enable-languages=c,ada,c++,java,go,d,fortran,objc,obj-c++ --prefix=/usr --program-suffix=-5 --enable-shared --enable-linker-build-id --libexecdir=/usr/lib --without-included-gettext --enable-threads=posix --libdir=/usr/lib --enable-nls --with-sysroot=/ --enable-clocale=gnu --enable-libstdcxx-debug --enable-libstdcxx-time=yes --with-default-libstdcxx-abi=new --enable-gnu-unique-object --disable-vtable-verify --enable-libmpx --enable-plugin --with-system-zlib --disable-browser-plugin --enable-java-awt=gtk --enable-gtk-cairo --with-java-home=/usr/lib/jvm/java-1.5.0-gcj-5-amd64/jre --enable-java-home --with-jvm-root-dir=/usr/lib/jvm/java-1.5.0-gcj-5-amd64 --with-jvm-jar-dir=/usr/lib/jvm-exports/java-1.5.0-gcj-5-amd64 --with-arch-directory=amd64 --with-ecj-jar=/usr/share/java/eclipse-ecj.jar --enable-objc-gc --enable-multiarch --disable-werror --with-arch-32=i686 --with-abi=m64 --with-multilib-list=m32,m64,mx32 --enable-multilib --with-tune=generic --enable-checking=release --build=x86_64-linux-gnu --host=x86_64-linux-gnu --target=x86_64-linux-gnu
Thread model: posix
gcc version 5.4.0 20160609 (Ubuntu 5.4.0-6ubuntu1~16.04.2) 
configure:4528: $? = 0
configure:4517: gcc -V >&5
gcc: error: unrecognized command line option '-V'
gcc: fatal error: no input files
compilation terminated.
configure:4528: $? = 1
configure:4517: gcc -qversion >&5
gcc: error: unrecognized command line option '-qversion'
gcc: fatal error: no input files
compilation terminated.
configure:4528: $? = 1
configure:4532: checking whether we are using the GNU C compiler
configure:4551: gcc -c   conftest.c >&5
configure:4551: $? = 0
configure:4560: result: yes
configure:4569: checking whether gcc accepts -g
configure:4589: gcc -c -g  conftest.c >&5
configure:4589: $? = 0
configure:4630: result: yes
configure:4647: checking for gcc option to accept ISO C89
configure:4710: gcc  -c -g -O2  conftest.c >&5
configure:4710: $? = 0
configure:4723: result: none needed
configure:4748: checking whether gcc understands -c and -o together
configure:4770: gcc -c conftest.c -o conftest2.o
configure:4773: $? = 0
configure:4770: gcc -c conftest.c -o conftest2.o
configure:4773: $? = 0
configure:4785: result: yes
configure:4804: checking dependency style of gcc
configure:4915: result: gcc3
configure:4959: checking build system type
configure:4973: result: x86_64-pc-linux-gnu
configure:4993: checking host system type
configure:5006: result: x86_64-pc-linux-gnu
configure:5047: checking how to print strings
configure:5074: result: printf
configure:5095: checking for a sed that does not truncate output
configure:5159: result: /bin/sed
configure:5177: checking for grep that handles long lines and -e
configure:5235: result: /bin/grep
configure:5240: checking for egrep
configure:5302: result: /bin/grep -E
configure:5307: checking for fgrep
configure:5369: result: /bin/grep -F
configure:5404: checking for ld used by gcc
configure:5471: result: /usr/bin/ld
configure:5478: checking if the linker (/usr/bin/ld) is GNU ld
configure:5493: result: yes
configure:5505: checking for BSD- or MS-compatible name lister (nm)
configure:5559: result: /usr/bin/nm -B
configure:5689: checking the name lister (/usr/bin/nm -B) interface
configure:5696: gcc -c -g -O2  conftest.c >&5
configure:5699: /usr/bin/nm -B "conftest.o"
configure:5702: output
0000000000000000 B some_variable
configure:5709: result: BSD nm
configure:5712: checking whether ln -s works
configure:5716: result: yes
configure:5724: checking the maximum length of command line arguments
configure:5855: result: 1572864
configure:5903: checking how to convert x86_64-pc-linux-gnu file names to x86_64-pc-linux-gnu format
configure:5943: result: func_convert_file_noop
configure:5950: checking how to convert x86_64-pc-linux-gnu file names to toolchain format
configure:5970: result: func_convert_file_noop
configure:5977: checking for /usr/bin/ld option to reload object files
configure:5984: result: -r
configure:6058: checking for objdump
configure:6074: found /usr/bin/objdump
configure:6085: result: objdump
configure:6117: checking how to recognize dependent libraries
configure:6317: result: pass_all
configure:6402: checking for dlltool
configure:6432: result: no
configure:6462: checking how to associate runtime and link libraries
configure:6489: result: printf %s\n
configure:6550: checking for ar
configure:6566: found /usr/bin/ar
configure:6577: result: ar
configure:6614: checking for archiver @FILE support
configure:6631: gcc -c -g -O2  conftest.c >&5
configure:6631: $? = 0
configure:6634: ar cru libconftest.a @conftest.lst >&5
ar: `u' modifier ignored since `D' is the default (see `U')
configure:6637: $? = 0
configure:6642: ar cru libconftest.a @conftest.lst >&5
ar: `u' modifier ignored since `D' is the default (see `U')
ar: conftest.o: No such file or directory
configure:6645: $? = 1
configure:6657: result: @
configure:6715: checking for strip
configure:6731: found /usr/bin/strip
configure:6742: result: strip
configure:6814: checking for ranlib
configure:6830: found /usr/bin/ranlib
configure:6841: result: ranlib
configure:6943: checking command to parse /usr/bin/nm -B output from gcc object
configure:7096: gcc -c -g -O2  conftest.c >&5
configure:7099: $? = 0
configure:7103: /usr/bin/nm -B conftest.o \| sed -n -e 's/^.*[ ]\([ABCDGIRSTW][ABCDGIRSTW]*\)[ ][ ]*\([_A-Za-z][_A-Za-z0-9]*\)$/\1 \2 \2/p' | sed '/ __gnu_lto/d' \> conftest.nm
configure:7106: $? = 0
configure:7172: gcc -o conftest -g -O2   conftest.c conftstm.o >&5
configure:7175: $? = 0
configure:7213: result: ok
configure:7260: checking for sysroot
configure:7290: result: no
configure:7297: checking for a working dd
configure:7335: result: /bin/dd
configure:7339: checking how to truncate binary pipes
configure:7354: result: /bin/dd bs=4096 count=1
configure:7490: gcc -c -g -O2  conftest.c >&5
configure:7493: $? = 0
configure:7683: checking for mt
configure:7699: found /bin/mt
configure:7710: result: mt
configure:7733: checking if mt is a manifest tool
configure:7739: mt '-?'
configure:7747: result: no
configure:8424: checking how to run the C preprocessor
configure:8455: gcc -E  conftest.c
configure:8455: $? = 0
configure:8469: gcc -E  conftest.c
conftest.c:11:28: fatal error: ac_nonexistent.h: No such file or directory
compilation terminated.
configure:8469: $? = 1
configure: failed program was:
| /* confdefs.h */
| #define PACKAGE_NAME "bm"
| #define PACKAGE_TARNAME "bm"
| #define PACKAGE_VERSION "1.2.0-deace1c9"
| #define PACKAGE_STRING "bm 1.2.0-deace1c9"
| #define PACKAGE_BUGREPORT "antonin@barefootnetworks.com"
| #define PACKAGE_URL ""
| #define PACKAGE "bm"
| #define VERSION "1.2.0-deace1c9"
| /* end confdefs.h.  */
| #include <ac_nonexistent.h>
configure:8494: result: gcc -E
configure:8514: gcc -E  conftest.c
configure:8514: $? = 0
configure:8528: gcc -E  conftest.c
conftest.c:11:28: fatal error: ac_nonexistent.h: No such file or directory
compilation terminated.
configure:8528: $? = 1
configure: failed program was:
| /* confdefs.h */
| #define PACKAGE_NAME "bm"
| #define PACKAGE_TARNAME "bm"
| #define PACKAGE_VERSION "1.2.0-deace1c9"
| #define PACKAGE_STRING "bm 1.2.0-deace1c9"
| #define PACKAGE_BUGREPORT "antonin@barefootnetworks.com"
| #define PACKAGE_URL ""
| #define PACKAGE "bm"
| #define VERSION "1.2.0-deace1c9"
| /* end confdefs.h.  */
| #include <ac_nonexistent.h>
configure:8557: checking for ANSI C header files
configure:8577: gcc -c -g -O2  conftest.c >&5
configure:8577: $? = 0
configure:8650: gcc -o conftest -g -O2   conftest.c  >&5
configure:8650: $? = 0
configure:8650: ./conftest
configure:8650: $? = 0
configure:8661: result: yes
configure:8674: checking for sys/types.h
configure:8674: gcc -c -g -O2  conftest.c >&5
configure:8674: $? = 0
configure:8674: result: yes
configure:8674: checking for sys/stat.h
configure:8674: gcc -c -g -O2  conftest.c >&5
configure:8674: $? = 0
configure:8674: result: yes
configure:8674: checking for stdlib.h
configure:8674: gcc -c -g -O2  conftest.c >&5
configure:8674: $? = 0
configure:8674: result: yes
configure:8674: checking for string.h
configure:8674: gcc -c -g -O2  conftest.c >&5
configure:8674: $? = 0
configure:8674: result: yes
configure:8674: checking for memory.h
configure:8674: gcc -c -g -O2  conftest.c >&5
configure:8674: $? = 0
configure:8674: result: yes
configure:8674: checking for strings.h
configure:8674: gcc -c -g -O2  conftest.c >&5
configure:8674: $? = 0
configure:8674: result: yes
configure:8674: checking for inttypes.h
configure:8674: gcc -c -g -O2  conftest.c >&5
configure:8674: $? = 0
configure:8674: result: yes
configure:8674: checking for stdint.h
configure:8674: gcc -c -g -O2  conftest.c >&5
configure:8674: $? = 0
configure:8674: result: yes
configure:8674: checking for unistd.h
configure:8674: gcc -c -g -O2  conftest.c >&5
configure:8674: $? = 0
configure:8674: result: yes
configure:8688: checking for dlfcn.h
configure:8688: gcc -c -g -O2  conftest.c >&5
configure:8688: $? = 0
configure:8688: result: yes
configure:8955: checking for objdir
configure:8970: result: .libs
configure:9234: checking if gcc supports -fno-rtti -fno-exceptions
configure:9252: gcc -c -g -O2  -fno-rtti -fno-exceptions conftest.c >&5
cc1: warning: command line option '-fno-rtti' is valid for C++/ObjC++ but not for C
configure:9256: $? = 0
configure:9269: result: no
configure:9627: checking for gcc option to produce PIC
configure:9634: result: -fPIC -DPIC
configure:9642: checking if gcc PIC flag -fPIC -DPIC works
configure:9660: gcc -c -g -O2  -fPIC -DPIC -DPIC conftest.c >&5
configure:9664: $? = 0
configure:9677: result: yes
configure:9706: checking if gcc static flag -static works
configure:9734: result: yes
configure:9749: checking if gcc supports -c -o file.o
configure:9770: gcc -c -g -O2  -o out/conftest2.o conftest.c >&5
configure:9774: $? = 0
configure:9796: result: yes
configure:9804: checking if gcc supports -c -o file.o
configure:9851: result: yes
configure:9884: checking whether the gcc linker (/usr/bin/ld -m elf_x86_64) supports shared libraries
configure:11147: result: yes
configure:11184: checking whether -lc should be explicitly linked in
configure:11192: gcc -c -g -O2  conftest.c >&5
configure:11195: $? = 0
configure:11210: gcc -shared  -fPIC -DPIC conftest.o  -v -Wl,-soname -Wl,conftest -o conftest 2\>\&1 \| /bin/grep  -lc  \>/dev/null 2\>\&1
configure:11213: $? = 0
configure:11227: result: no
configure:11387: checking dynamic linker characteristics
configure:11968: gcc -o conftest -g -O2   -Wl,-rpath -Wl,/foo conftest.c  >&5
configure:11968: $? = 0
configure:12217: result: GNU/Linux ld.so
configure:12339: checking how to hardcode library paths into programs
configure:12364: result: immediate
configure:12912: checking whether stripping libraries is possible
configure:12917: result: yes
configure:12952: checking if libtool supports shared libraries
configure:12954: result: yes
configure:12957: checking whether to build shared libraries
configure:12982: result: yes
configure:12985: checking whether to build static libraries
configure:12989: result: yes
configure:13012: checking how to run the C++ preprocessor
configure:13039: g++ -E  conftest.cpp
configure:13039: $? = 0
configure:13053: g++ -E  conftest.cpp
conftest.cpp:23:28: fatal error: ac_nonexistent.h: No such file or directory
compilation terminated.
configure:13053: $? = 1
configure: failed program was:
| /* confdefs.h */
| #define PACKAGE_NAME "bm"
| #define PACKAGE_TARNAME "bm"
| #define PACKAGE_VERSION "1.2.0-deace1c9"
| #define PACKAGE_STRING "bm 1.2.0-deace1c9"
| #define PACKAGE_BUGREPORT "antonin@barefootnetworks.com"
| #define PACKAGE_URL ""
| #define PACKAGE "bm"
| #define VERSION "1.2.0-deace1c9"
| #define STDC_HEADERS 1
| #define HAVE_SYS_TYPES_H 1
| #define HAVE_SYS_STAT_H 1
| #define HAVE_STDLIB_H 1
| #define HAVE_STRING_H 1
| #define HAVE_MEMORY_H 1
| #define HAVE_STRINGS_H 1
| #define HAVE_INTTYPES_H 1
| #define HAVE_STDINT_H 1
| #define HAVE_UNISTD_H 1
| #define HAVE_DLFCN_H 1
| #define LT_OBJDIR ".libs/"
| /* end confdefs.h.  */
| #include <ac_nonexistent.h>
configure:13078: result: g++ -E
configure:13098: g++ -E  conftest.cpp
configure:13098: $? = 0
configure:13112: g++ -E  conftest.cpp
conftest.cpp:23:28: fatal error: ac_nonexistent.h: No such file or directory
compilation terminated.
configure:13112: $? = 1
configure: failed program was:
| /* confdefs.h */
| #define PACKAGE_NAME "bm"
| #define PACKAGE_TARNAME "bm"
| #define PACKAGE_VERSION "1.2.0-deace1c9"
| #define PACKAGE_STRING "bm 1.2.0-deace1c9"
| #define PACKAGE_BUGREPORT "antonin@barefootnetworks.com"
| #define PACKAGE_URL ""
| #define PACKAGE "bm"
| #define VERSION "1.2.0-deace1c9"
| #define STDC_HEADERS 1
| #define HAVE_SYS_TYPES_H 1
| #define HAVE_SYS_STAT_H 1
| #define HAVE_STDLIB_H 1
| #define HAVE_STRING_H 1
| #define HAVE_MEMORY_H 1
| #define HAVE_STRINGS_H 1
| #define HAVE_INTTYPES_H 1
| #define HAVE_STDINT_H 1
| #define HAVE_UNISTD_H 1
| #define HAVE_DLFCN_H 1
| #define LT_OBJDIR ".libs/"
| /* end confdefs.h.  */
| #include <ac_nonexistent.h>
configure:13274: checking for ld used by g++
configure:13341: result: /usr/bin/ld -m elf_x86_64
configure:13348: checking if the linker (/usr/bin/ld -m elf_x86_64) is GNU ld
configure:13363: result: yes
configure:13418: checking whether the g++ linker (/usr/bin/ld -m elf_x86_64) supports shared libraries
configure:14491: result: yes
configure:14527: g++ -c -g -O2  conftest.cpp >&5
configure:14530: $? = 0
configure:15011: checking for g++ option to produce PIC
configure:15018: result: -fPIC -DPIC
configure:15026: checking if g++ PIC flag -fPIC -DPIC works
configure:15044: g++ -c -g -O2  -fPIC -DPIC -DPIC conftest.cpp >&5
configure:15048: $? = 0
configure:15061: result: yes
configure:15084: checking if g++ static flag -static works
configure:15112: result: yes
configure:15124: checking if g++ supports -c -o file.o
configure:15145: g++ -c -g -O2  -o out/conftest2.o conftest.cpp >&5
configure:15149: $? = 0
configure:15171: result: yes
configure:15176: checking if g++ supports -c -o file.o
configure:15223: result: yes
configure:15253: checking whether the g++ linker (/usr/bin/ld -m elf_x86_64) supports shared libraries
configure:15296: result: yes
configure:15437: checking dynamic linker characteristics
configure:16194: result: GNU/Linux ld.so
configure:16259: checking how to hardcode library paths into programs
configure:16284: result: immediate
configure:16356: checking whether g++ supports C++11 features by default
configure:16382: g++ -c -g -O2  conftest.cpp >&5
conftest.cpp:27:21: error: expected identifier before 'sizeof'
       static_assert(sizeof(int) <= sizeof(T), "not big enough");
                     ^
conftest.cpp:27:21: error: expected ',' or '...' before 'sizeof'
conftest.cpp:27:63: error: ISO C++ forbids declaration of 'static_assert' with no type [-fpermissive]
       static_assert(sizeof(int) <= sizeof(T), "not big enough");
                                                               ^
conftest.cpp:30:29: error: '>>' should be '> >' within a nested template argument list
     typedef check<check<bool>> right_angle_brackets;
                             ^
conftest.cpp:33:13: error: expected constructor, destructor, or type conversion before '(' token
     decltype(a) b;
             ^
conftest.cpp:37:15: error: expected unqualified-id before '&&' token
     check_type&& cr = static_cast<check_type&&>(c);
               ^
conftest.cpp:39:10: error: 'd' does not name a type
     auto d = a;
          ^
configure:16382: $? = 1
configure: failed program was:
| /* confdefs.h */
| #define PACKAGE_NAME "bm"
| #define PACKAGE_TARNAME "bm"
| #define PACKAGE_VERSION "1.2.0-deace1c9"
| #define PACKAGE_STRING "bm 1.2.0-deace1c9"
| #define PACKAGE_BUGREPORT "antonin@barefootnetworks.com"
| #define PACKAGE_URL ""
| #define PACKAGE "bm"
| #define VERSION "1.2.0-deace1c9"
| #define STDC_HEADERS 1
| #define HAVE_SYS_TYPES_H 1
| #define HAVE_SYS_STAT_H 1
| #define HAVE_STDLIB_H 1
| #define HAVE_STRING_H 1
| #define HAVE_MEMORY_H 1
| #define HAVE_STRINGS_H 1
| #define HAVE_INTTYPES_H 1
| #define HAVE_STDINT_H 1
| #define HAVE_UNISTD_H 1
| #define HAVE_DLFCN_H 1
| #define LT_OBJDIR ".libs/"
| /* end confdefs.h.  */
| 
|   template <typename T>
|     struct check
|     {
|       static_assert(sizeof(int) <= sizeof(T), "not big enough");
|     };
| 
|     typedef check<check<bool>> right_angle_brackets;
| 
|     int a;
|     decltype(a) b;
| 
|     typedef check<int> check_type;
|     check_type c;
|     check_type&& cr = static_cast<check_type&&>(c);
| 
|     auto d = a;
| 
configure:16389: result: no
configure:16400: checking whether g++ supports C++11 features with -std=c++11
configure:16428: g++ -c -g -O2 -std=c++11  conftest.cpp >&5
configure:16428: $? = 0
configure:16437: result: yes
configure:16549: checking for thrift
configure:16567: found /usr/local/bin/thrift
configure:16579: result: /usr/local/bin/thrift
configure:16589: checking thrift/Thrift.h usability
configure:16589: g++ -c -g -O2 -std=c++11  conftest.cpp >&5
configure:16589: $? = 0
configure:16589: result: yes
configure:16589: checking thrift/Thrift.h presence
configure:16589: g++ -E  conftest.cpp
configure:16589: $? = 0
configure:16589: result: yes
configure:16589: checking for thrift/Thrift.h
configure:16589: result: yes
configure:16618: checking algorithm usability
configure:16618: g++ -c -g -O2 -std=c++11  conftest.cpp >&5
configure:16618: $? = 0
configure:16618: result: yes
configure:16618: checking algorithm presence
configure:16618: g++ -E  conftest.cpp
configure:16618: $? = 0
configure:16618: result: yes
configure:16618: checking for algorithm
configure:16618: result: yes
configure:16618: checking array usability
configure:16618: g++ -c -g -O2 -std=c++11  conftest.cpp >&5
configure:16618: $? = 0
configure:16618: result: yes
configure:16618: checking array presence
configure:16618: g++ -E  conftest.cpp
In file included from /usr/include/c++/5/array:35:0,
                 from conftest.cpp:25:
/usr/include/c++/5/bits/c++0x_warning.h:32:2: error: #error This file requires compiler and library support for the ISO C++ 2011 standard. This support must be enabled with the -std=c++11 or -std=gnu++11 compiler options.
 #error This file requires compiler and library support \
  ^
configure:16618: $? = 1
configure: failed program was:
| /* confdefs.h */
| #define PACKAGE_NAME "bm"
| #define PACKAGE_TARNAME "bm"
| #define PACKAGE_VERSION "1.2.0-deace1c9"
| #define PACKAGE_STRING "bm 1.2.0-deace1c9"
| #define PACKAGE_BUGREPORT "antonin@barefootnetworks.com"
| #define PACKAGE_URL ""
| #define PACKAGE "bm"
| #define VERSION "1.2.0-deace1c9"
| #define STDC_HEADERS 1
| #define HAVE_SYS_TYPES_H 1
| #define HAVE_SYS_STAT_H 1
| #define HAVE_STDLIB_H 1
| #define HAVE_STRING_H 1
| #define HAVE_MEMORY_H 1
| #define HAVE_STRINGS_H 1
| #define HAVE_INTTYPES_H 1
| #define HAVE_STDINT_H 1
| #define HAVE_UNISTD_H 1
| #define HAVE_DLFCN_H 1
| #define LT_OBJDIR ".libs/"
| #define HAVE_CXX11 1
| #define HAVE_ALGORITHM 1
| /* end confdefs.h.  */
| #include <array>
configure:16618: result: no
configure:16618: WARNING: array: accepted by the compiler, rejected by the preprocessor!
configure:16618: WARNING: array: proceeding with the compiler's result
configure:16618: checking for array
configure:16618: result: yes
configure:16618: checking cassert usability
configure:16618: g++ -c -g -O2 -std=c++11  conftest.cpp >&5
configure:16618: $? = 0
configure:16618: result: yes
configure:16618: checking cassert presence
configure:16618: g++ -E  conftest.cpp
configure:16618: $? = 0
configure:16618: result: yes
configure:16618: checking for cassert
configure:16618: result: yes
configure:16618: checking cmath usability
configure:16618: g++ -c -g -O2 -std=c++11  conftest.cpp >&5
configure:16618: $? = 0
configure:16618: result: yes
configure:16618: checking cmath presence
configure:16618: g++ -E  conftest.cpp
configure:16618: $? = 0
configure:16618: result: yes
configure:16618: checking for cmath
configure:16618: result: yes
configure:16618: checking queue usability
configure:16618: g++ -c -g -O2 -std=c++11  conftest.cpp >&5
configure:16618: $? = 0
configure:16618: result: yes
configure:16618: checking queue presence
configure:16618: g++ -E  conftest.cpp
configure:16618: $? = 0
configure:16618: result: yes
configure:16618: checking for queue
configure:16618: result: yes
configure:16618: checking cstdio usability
configure:16618: g++ -c -g -O2 -std=c++11  conftest.cpp >&5
configure:16618: $? = 0
configure:16618: result: yes
configure:16618: checking cstdio presence
configure:16618: g++ -E  conftest.cpp
configure:16618: $? = 0
configure:16618: result: yes
configure:16618: checking for cstdio
configure:16618: result: yes
configure:16618: checking string usability
configure:16618: g++ -c -g -O2 -std=c++11  conftest.cpp >&5
configure:16618: $? = 0
configure:16618: result: yes
configure:16618: checking string presence
configure:16618: g++ -E  conftest.cpp
configure:16618: $? = 0
configure:16618: result: yes
configure:16618: checking for string
configure:16618: result: yes
configure:16618: checking for sys/stat.h
configure:16618: result: yes
configure:16618: checking for sys/types.h
configure:16618: result: yes
configure:16618: checking ctime usability
configure:16618: g++ -c -g -O2 -std=c++11  conftest.cpp >&5
configure:16618: $? = 0
configure:16618: result: yes
configure:16618: checking ctime presence
configure:16618: g++ -E  conftest.cpp
configure:16618: $? = 0
configure:16618: result: yes
configure:16618: checking for ctime
configure:16618: result: yes
configure:16618: checking tuple usability
configure:16618: g++ -c -g -O2 -std=c++11  conftest.cpp >&5
configure:16618: $? = 0
configure:16618: result: yes
configure:16618: checking tuple presence
configure:16618: g++ -E  conftest.cpp
In file included from /usr/include/c++/5/tuple:35:0,
                 from conftest.cpp:34:
/usr/include/c++/5/bits/c++0x_warning.h:32:2: error: #error This file requires compiler and library support for the ISO C++ 2011 standard. This support must be enabled with the -std=c++11 or -std=gnu++11 compiler options.
 #error This file requires compiler and library support \
  ^
configure:16618: $? = 1
configure: failed program was:
| /* confdefs.h */
| #define PACKAGE_NAME "bm"
| #define PACKAGE_TARNAME "bm"
| #define PACKAGE_VERSION "1.2.0-deace1c9"
| #define PACKAGE_STRING "bm 1.2.0-deace1c9"
| #define PACKAGE_BUGREPORT "antonin@barefootnetworks.com"
| #define PACKAGE_URL ""
| #define PACKAGE "bm"
| #define VERSION "1.2.0-deace1c9"
| #define STDC_HEADERS 1
| #define HAVE_SYS_TYPES_H 1
| #define HAVE_SYS_STAT_H 1
| #define HAVE_STDLIB_H 1
| #define HAVE_STRING_H 1
| #define HAVE_MEMORY_H 1
| #define HAVE_STRINGS_H 1
| #define HAVE_INTTYPES_H 1
| #define HAVE_STDINT_H 1
| #define HAVE_UNISTD_H 1
| #define HAVE_DLFCN_H 1
| #define LT_OBJDIR ".libs/"
| #define HAVE_CXX11 1
| #define HAVE_ALGORITHM 1
| #define HAVE_ARRAY 1
| #define HAVE_CASSERT 1
| #define HAVE_CMATH 1
| #define HAVE_QUEUE 1
| #define HAVE_CSTDIO 1
| #define HAVE_STRING 1
| #define HAVE_SYS_STAT_H 1
| #define HAVE_SYS_TYPES_H 1
| #define HAVE_CTIME 1
| /* end confdefs.h.  */
| #include <tuple>
configure:16618: result: no
configure:16618: WARNING: tuple: accepted by the compiler, rejected by the preprocessor!
configure:16618: WARNING: tuple: proceeding with the compiler's result
configure:16618: checking for tuple
configure:16618: result: yes
configure:16618: checking for unistd.h
configure:16618: result: yes
configure:16618: checking unordered_map usability
configure:16618: g++ -c -g -O2 -std=c++11  conftest.cpp >&5
configure:16618: $? = 0
configure:16618: result: yes
configure:16618: checking unordered_map presence
configure:16618: g++ -E  conftest.cpp
In file included from /usr/include/c++/5/unordered_map:35:0,
                 from conftest.cpp:36:
/usr/include/c++/5/bits/c++0x_warning.h:32:2: error: #error This file requires compiler and library support for the ISO C++ 2011 standard. This support must be enabled with the -std=c++11 or -std=gnu++11 compiler options.
 #error This file requires compiler and library support \
  ^
configure:16618: $? = 1
configure: failed program was:
| /* confdefs.h */
| #define PACKAGE_NAME "bm"
| #define PACKAGE_TARNAME "bm"
| #define PACKAGE_VERSION "1.2.0-deace1c9"
| #define PACKAGE_STRING "bm 1.2.0-deace1c9"
| #define PACKAGE_BUGREPORT "antonin@barefootnetworks.com"
| #define PACKAGE_URL ""
| #define PACKAGE "bm"
| #define VERSION "1.2.0-deace1c9"
| #define STDC_HEADERS 1
| #define HAVE_SYS_TYPES_H 1
| #define HAVE_SYS_STAT_H 1
| #define HAVE_STDLIB_H 1
| #define HAVE_STRING_H 1
| #define HAVE_MEMORY_H 1
| #define HAVE_STRINGS_H 1
| #define HAVE_INTTYPES_H 1
| #define HAVE_STDINT_H 1
| #define HAVE_UNISTD_H 1
| #define HAVE_DLFCN_H 1
| #define LT_OBJDIR ".libs/"
| #define HAVE_CXX11 1
| #define HAVE_ALGORITHM 1
| #define HAVE_ARRAY 1
| #define HAVE_CASSERT 1
| #define HAVE_CMATH 1
| #define HAVE_QUEUE 1
| #define HAVE_CSTDIO 1
| #define HAVE_STRING 1
| #define HAVE_SYS_STAT_H 1
| #define HAVE_SYS_TYPES_H 1
| #define HAVE_CTIME 1
| #define HAVE_TUPLE 1
| #define HAVE_UNISTD_H 1
| /* end confdefs.h.  */
| #include <unordered_map>
configure:16618: result: no
configure:16618: WARNING: unordered_map: accepted by the compiler, rejected by the preprocessor!
configure:16618: WARNING: unordered_map: proceeding with the compiler's result
configure:16618: checking for unordered_map
configure:16618: result: yes
configure:16618: checking utility usability
configure:16618: g++ -c -g -O2 -std=c++11  conftest.cpp >&5
configure:16618: $? = 0
configure:16618: result: yes
configure:16618: checking utility presence
configure:16618: g++ -E  conftest.cpp
configure:16618: $? = 0
configure:16618: result: yes
configure:16618: checking for utility
configure:16618: result: yes
configure:16618: checking vector usability
configure:16618: g++ -c -g -O2 -std=c++11  conftest.cpp >&5
configure:16618: $? = 0
configure:16618: result: yes
configure:16618: checking vector presence
configure:16618: g++ -E  conftest.cpp
configure:16618: $? = 0
configure:16618: result: yes
configure:16618: checking for vector
configure:16618: result: yes
configure:16632: checking for Judy1Next in -lJudy
configure:16657: g++ -o conftest -g -O2 -std=c++11   conftest.cpp -lJudy   >&5
configure:16657: $? = 0
configure:16666: result: yes
configure:16679: checking for __gmpz_init in -lgmp
configure:16704: g++ -o conftest -g -O2 -std=c++11   conftest.cpp -lgmp  -lJudy  >&5
configure:16704: $? = 0
configure:16713: result: yes
configure:16726: checking for nn_errno in -lnanomsg
configure:16751: g++ -o conftest -g -O2 -std=c++11   conftest.cpp -lnanomsg  -lgmp -lJudy  >&5
configure:16751: $? = 0
configure:16760: result: yes
configure:16773: checking for pcap_create in -lpcap
configure:16798: g++ -o conftest -g -O2 -std=c++11   conftest.cpp -lpcap  -lnanomsg -lgmp -lJudy  >&5
configure:16798: $? = 0
configure:16807: result: yes
configure:16820: checking for pcap_set_immediate_mode in -lpcap
configure:16845: g++ -o conftest -g -O2 -std=c++11   conftest.cpp -lpcap  -lpcap -lnanomsg -lgmp -lJudy  >&5
configure:16845: $? = 0
configure:16854: result: yes
configure:16912: checking for compiler atomic support
configure:16928: g++ -o conftest -g -O2 -std=c++11   conftest.cpp -lpcap -lnanomsg -lgmp -lJudy  >&5
configure:16928: $? = 0
configure:16929: result: yes
configure:17101: checking boost/thread.hpp usability
configure:17101: g++ -c -g -O2 -std=c++11  conftest.cpp >&5
configure:17101: $? = 0
configure:17101: result: yes
configure:17101: checking boost/thread.hpp presence
configure:17101: g++ -E  conftest.cpp
configure:17101: $? = 0
configure:17101: result: yes
configure:17101: checking for boost/thread.hpp
configure:17101: result: yes
configure:17109: checking boost/multiprecision/gmp.hpp usability
configure:17109: g++ -c -g -O2 -std=c++11  conftest.cpp >&5
configure:17109: $? = 0
configure:17109: result: yes
configure:17109: checking boost/multiprecision/gmp.hpp presence
configure:17109: g++ -E  conftest.cpp
configure:17109: $? = 0
configure:17109: result: yes
configure:17109: checking for boost/multiprecision/gmp.hpp
configure:17109: result: yes
configure:17117: checking boost/program_options.hpp usability
configure:17117: g++ -c -g -O2 -std=c++11  conftest.cpp >&5
configure:17117: $? = 0
configure:17117: result: yes
configure:17117: checking boost/program_options.hpp presence
configure:17117: g++ -E  conftest.cpp
configure:17117: $? = 0
configure:17117: result: yes
configure:17117: checking for boost/program_options.hpp
configure:17117: result: yes
configure:17125: checking boost/functional/hash.hpp usability
configure:17125: g++ -c -g -O2 -std=c++11  conftest.cpp >&5
configure:17125: $? = 0
configure:17125: result: yes
configure:17125: checking boost/functional/hash.hpp presence
configure:17125: g++ -E  conftest.cpp
configure:17125: $? = 0
configure:17125: result: yes
configure:17125: checking for boost/functional/hash.hpp
configure:17125: result: yes
configure:17133: checking boost/filesystem.hpp usability
configure:17133: g++ -c -g -O2 -std=c++11  conftest.cpp >&5
configure:17133: $? = 0
configure:17133: result: yes
configure:17133: checking boost/filesystem.hpp presence
configure:17133: g++ -E  conftest.cpp
configure:17133: $? = 0
configure:17133: result: yes
configure:17133: checking for boost/filesystem.hpp
configure:17133: result: yes
configure:17156: checking for size_t
configure:17156: g++ -c -g -O2 -std=c++11  conftest.cpp >&5
configure:17156: $? = 0
configure:17156: g++ -c -g -O2 -std=c++11  conftest.cpp >&5
conftest.cpp: In function 'int main()':
conftest.cpp:79:20: error: expected primary-expression before ')' token
 if (sizeof ((size_t)))
                    ^
configure:17156: $? = 1
configure: failed program was:
| /* confdefs.h */
| #define PACKAGE_NAME "bm"
| #define PACKAGE_TARNAME "bm"
| #define PACKAGE_VERSION "1.2.0-deace1c9"
| #define PACKAGE_STRING "bm 1.2.0-deace1c9"
| #define PACKAGE_BUGREPORT "antonin@barefootnetworks.com"
| #define PACKAGE_URL ""
| #define PACKAGE "bm"
| #define VERSION "1.2.0-deace1c9"
| #define STDC_HEADERS 1
| #define HAVE_SYS_TYPES_H 1
| #define HAVE_SYS_STAT_H 1
| #define HAVE_STDLIB_H 1
| #define HAVE_STRING_H 1
| #define HAVE_MEMORY_H 1
| #define HAVE_STRINGS_H 1
| #define HAVE_INTTYPES_H 1
| #define HAVE_STDINT_H 1
| #define HAVE_UNISTD_H 1
| #define HAVE_DLFCN_H 1
| #define LT_OBJDIR ".libs/"
| #define HAVE_CXX11 1
| #define HAVE_ALGORITHM 1
| #define HAVE_ARRAY 1
| #define HAVE_CASSERT 1
| #define HAVE_CMATH 1
| #define HAVE_QUEUE 1
| #define HAVE_CSTDIO 1
| #define HAVE_STRING 1
| #define HAVE_SYS_STAT_H 1
| #define HAVE_SYS_TYPES_H 1
| #define HAVE_CTIME 1
| #define HAVE_TUPLE 1
| #define HAVE_UNISTD_H 1
| #define HAVE_UNORDERED_MAP 1
| #define HAVE_UTILITY 1
| #define HAVE_VECTOR 1
| #define HAVE_LIBJUDY 1
| #define HAVE_LIBGMP 1
| #define HAVE_LIBNANOMSG 1
| #define HAVE_LIBPCAP 1
| /* end confdefs.h.  */
| #include <stdio.h>
| #ifdef HAVE_SYS_TYPES_H
| # include <sys/types.h>
| #endif
| #ifdef HAVE_SYS_STAT_H
| # include <sys/stat.h>
| #endif
| #ifdef STDC_HEADERS
| # include <stdlib.h>
| # include <stddef.h>
| #else
| # ifdef HAVE_STDLIB_H
| #  include <stdlib.h>
| # endif
| #endif
| #ifdef HAVE_STRING_H
| # if !defined STDC_HEADERS && defined HAVE_MEMORY_H
| #  include <memory.h>
| # endif
| # include <string.h>
| #endif
| #ifdef HAVE_STRINGS_H
| # include <strings.h>
| #endif
| #ifdef HAVE_INTTYPES_H
| # include <inttypes.h>
| #endif
| #ifdef HAVE_STDINT_H
| # include <stdint.h>
| #endif
| #ifdef HAVE_UNISTD_H
| # include <unistd.h>
| #endif
| int
| main ()
| {
| if (sizeof ((size_t)))
| 	    return 0;
|   ;
|   return 0;
| }
configure:17156: result: yes
configure:17167: checking for uint64_t
configure:17167: g++ -c -g -O2 -std=c++11  conftest.cpp >&5
configure:17167: $? = 0
configure:17167: result: yes
configure:17307: checking that generated files are newer than configure
configure:17313: result: done
configure:17360: creating ./config.status

## ---------------------- ##
## Running config.status. ##
## ---------------------- ##

This file was extended by bm config.status 1.2.0-deace1c9, which was
generated by GNU Autoconf 2.69.  Invocation command line was

  CONFIG_FILES    = 
  CONFIG_HEADERS  = 
  CONFIG_LINKS    = 
  CONFIG_COMMANDS = 
  $ ./config.status 

on ubuntu

config.status:1224: creating Makefile
config.status:1224: creating thrift_src/Makefile
config.status:1224: creating third_party/Makefile
config.status:1224: creating third_party/gtest/Makefile
config.status:1224: creating third_party/jsoncpp/Makefile
config.status:1224: creating third_party/spdlog/Makefile
config.status:1224: creating include/Makefile
config.status:1224: creating src/Makefile
config.status:1224: creating src/bf_lpm_trie/Makefile
config.status:1224: creating src/bm_sim/Makefile
config.status:1224: creating src/bm_runtime/Makefile
config.status:1224: creating src/BMI/Makefile
config.status:1224: creating src/bm_apps/Makefile
config.status:1224: creating src/bm_apps/examples/Makefile
config.status:1224: creating targets/Makefile
config.status:1224: creating targets/simple_router/Makefile
config.status:1224: creating targets/l2_switch/Makefile
config.status:1224: creating targets/l2_switch/learn_client/Makefile
config.status:1224: creating targets/simple_switch/Makefile
config.status:1224: creating targets/simple_switch/tests/Makefile
config.status:1224: creating targets/simple_switch/tests/CLI_tests/Makefile
config.status:1224: creating tests/Makefile
config.status:1224: creating tests/stress_tests/Makefile
config.status:1224: creating tools/Makefile
config.status:1224: creating pdfixed/Makefile
config.status:1224: creating pdfixed/include/Makefile
config.status:1224: creating tests/utils.cpp
config.status:1224: creating src/bm_sim/version.cpp
config.status:1224: creating mininet/stress_test_ipv4.py
config.status:1224: creating targets/simple_switch/tests/CLI_tests/run_one_test.py
config.status:1224: creating config.h
config.status:1453: executing depfiles commands
config.status:1453: executing libtool commands

## ---------------- ##
## Cache variables. ##
## ---------------- ##

ac_cv_build=x86_64-pc-linux-gnu
ac_cv_c_compiler_gnu=yes
ac_cv_c_uint64_t=yes
ac_cv_cxx_compiler_gnu=yes
ac_cv_env_CCC_set=
ac_cv_env_CCC_value=
ac_cv_env_CC_set=
ac_cv_env_CC_value=
ac_cv_env_CFLAGS_set=
ac_cv_env_CFLAGS_value=
ac_cv_env_CPPFLAGS_set=
ac_cv_env_CPPFLAGS_value=
ac_cv_env_CPP_set=
ac_cv_env_CPP_value=
ac_cv_env_CXXCPP_set=
ac_cv_env_CXXCPP_value=
ac_cv_env_CXXFLAGS_set=
ac_cv_env_CXXFLAGS_value=
ac_cv_env_CXX_set=
ac_cv_env_CXX_value=
ac_cv_env_LDFLAGS_set=
ac_cv_env_LDFLAGS_value=
ac_cv_env_LIBS_set=
ac_cv_env_LIBS_value=
ac_cv_env_LT_SYS_LIBRARY_PATH_set=
ac_cv_env_LT_SYS_LIBRARY_PATH_value=
ac_cv_env_PYTHON_set=
ac_cv_env_PYTHON_value=
ac_cv_env_build_alias_set=
ac_cv_env_build_alias_value=
ac_cv_env_host_alias_set=
ac_cv_env_host_alias_value=
ac_cv_env_target_alias_set=
ac_cv_env_target_alias_value=
ac_cv_header_algorithm=yes
ac_cv_header_array=yes
ac_cv_header_boost_filesystem_hpp=yes
ac_cv_header_boost_functional_hash_hpp=yes
ac_cv_header_boost_multiprecision_gmp_hpp=yes
ac_cv_header_boost_program_options_hpp=yes
ac_cv_header_boost_thread_hpp=yes
ac_cv_header_cassert=yes
ac_cv_header_cmath=yes
ac_cv_header_cstdio=yes
ac_cv_header_ctime=yes
ac_cv_header_dlfcn_h=yes
ac_cv_header_inttypes_h=yes
ac_cv_header_memory_h=yes
ac_cv_header_queue=yes
ac_cv_header_stdc=yes
ac_cv_header_stdint_h=yes
ac_cv_header_stdlib_h=yes
ac_cv_header_string=yes
ac_cv_header_string_h=yes
ac_cv_header_strings_h=yes
ac_cv_header_sys_stat_h=yes
ac_cv_header_sys_types_h=yes
ac_cv_header_thrift_Thrift_h=yes
ac_cv_header_tuple=yes
ac_cv_header_unistd_h=yes
ac_cv_header_unordered_map=yes
ac_cv_header_utility=yes
ac_cv_header_vector=yes
ac_cv_host=x86_64-pc-linux-gnu
ac_cv_lib_Judy_Judy1Next=yes
ac_cv_lib_gmp___gmpz_init=yes
ac_cv_lib_nanomsg_nn_errno=yes
ac_cv_lib_pcap_pcap_create=yes
ac_cv_lib_pcap_pcap_set_immediate_mode=yes
ac_cv_objext=o
ac_cv_path_EGREP='/bin/grep -E'
ac_cv_path_FGREP='/bin/grep -F'
ac_cv_path_GREP=/bin/grep
ac_cv_path_PYTHON=/usr/bin/python
ac_cv_path_SED=/bin/sed
ac_cv_path_THRIFT=/usr/local/bin/thrift
ac_cv_path_install='/usr/bin/install -c'
ac_cv_path_lt_DD=/bin/dd
ac_cv_path_mkdir=/bin/mkdir
ac_cv_prog_AWK=mawk
ac_cv_prog_CPP='gcc -E'
ac_cv_prog_CXXCPP='g++ -E'
ac_cv_prog_ac_ct_AR=ar
ac_cv_prog_ac_ct_CC=gcc
ac_cv_prog_ac_ct_CXX=g++
ac_cv_prog_ac_ct_MANIFEST_TOOL=mt
ac_cv_prog_ac_ct_OBJDUMP=objdump
ac_cv_prog_ac_ct_RANLIB=ranlib
ac_cv_prog_ac_ct_STRIP=strip
ac_cv_prog_cc_c89=
ac_cv_prog_cc_g=yes
ac_cv_prog_cxx_g=yes
ac_cv_prog_make_make_set=yes
ac_cv_type_size_t=yes
am_cv_CC_dependencies_compiler_type=gcc3
am_cv_CXX_dependencies_compiler_type=gcc3
am_cv_make_support_nested_variables=yes
am_cv_pathless_PYTHON=python
am_cv_prog_cc_c_o=yes
am_cv_python_platform=linux2
am_cv_python_pyexecdir='${exec_prefix}/lib/python2.7/dist-packages'
am_cv_python_pythondir='${prefix}/lib/python2.7/dist-packages'
am_cv_python_version=2.7
ax_cv_cxx_compile_cxx11=no
ax_cv_cxx_compile_cxx11__std_cpp11=yes
lt_cv_ar_at_file=@
lt_cv_archive_cmds_need_lc=no
lt_cv_deplibs_check_method=pass_all
lt_cv_file_magic_cmd='$MAGIC_CMD'
lt_cv_file_magic_test_file=
lt_cv_ld_reload_flag=-r
lt_cv_nm_interface='BSD nm'
lt_cv_objdir=.libs
lt_cv_path_LD=/usr/bin/ld
lt_cv_path_LDCXX='/usr/bin/ld -m elf_x86_64'
lt_cv_path_NM='/usr/bin/nm -B'
lt_cv_path_mainfest_tool=no
lt_cv_prog_compiler_c_o=yes
lt_cv_prog_compiler_c_o_CXX=yes
lt_cv_prog_compiler_pic='-fPIC -DPIC'
lt_cv_prog_compiler_pic_CXX='-fPIC -DPIC'
lt_cv_prog_compiler_pic_works=yes
lt_cv_prog_compiler_pic_works_CXX=yes
lt_cv_prog_compiler_rtti_exceptions=no
lt_cv_prog_compiler_static_works=yes
lt_cv_prog_compiler_static_works_CXX=yes
lt_cv_prog_gnu_ld=yes
lt_cv_prog_gnu_ldcxx=yes
lt_cv_sharedlib_from_linklib_cmd='printf %s\n'
lt_cv_shlibpath_overrides_runpath=no
lt_cv_sys_global_symbol_pipe='sed -n -e '\''s/^.*[	 ]\([ABCDGIRSTW][ABCDGIRSTW]*\)[	 ][	 ]*\([_A-Za-z][_A-Za-z0-9]*\)$/\1 \2 \2/p'\'' | sed '\''/ __gnu_lto/d'\'''
lt_cv_sys_global_symbol_to_c_name_address='sed -n -e '\''s/^: \(.*\) .*$/  {"\1", (void *) 0},/p'\'' -e '\''s/^[ABCDGIRSTW][ABCDGIRSTW]* .* \(.*\)$/  {"\1", (void *) \&\1},/p'\'''
lt_cv_sys_global_symbol_to_c_name_address_lib_prefix='sed -n -e '\''s/^: \(.*\) .*$/  {"\1", (void *) 0},/p'\'' -e '\''s/^[ABCDGIRSTW][ABCDGIRSTW]* .* \(lib.*\)$/  {"\1", (void *) \&\1},/p'\'' -e '\''s/^[ABCDGIRSTW][ABCDGIRSTW]* .* \(.*\)$/  {"lib\1", (void *) \&\1},/p'\'''
lt_cv_sys_global_symbol_to_cdecl='sed -n -e '\''s/^T .* \(.*\)$/extern int \1();/p'\'' -e '\''s/^[ABCDGIRSTW][ABCDGIRSTW]* .* \(.*\)$/extern char \1;/p'\'''
lt_cv_sys_global_symbol_to_import=
lt_cv_sys_max_cmd_len=1572864
lt_cv_to_host_file_cmd=func_convert_file_noop
lt_cv_to_tool_file_cmd=func_convert_file_noop
lt_cv_truncate_bin='/bin/dd bs=4096 count=1'

## ----------------- ##
## Output variables. ##
## ----------------- ##

ACLOCAL='${SHELL} /home/ubuntu/p4/bm/missing aclocal-1.15'
AMDEPBACKSLASH='\'
AMDEP_FALSE='#'
AMDEP_TRUE=''
AMTAR='$${TAR-tar}'
AM_BACKSLASH='\'
AM_CFLAGS=''
AM_CPPFLAGS=' -DBMLOG_DEBUG_ON -DBMLOG_TRACE_ON -DBMELOG_ON                           -I$(top_srcdir)/include                           -isystem$(top_srcdir)/third_party/jsoncpp/include                           -isystem$(top_srcdir)/third_party/spdlog'
AM_CXXFLAGS='-Wall -Werror -Wextra'
AM_DEFAULT_V='$(AM_DEFAULT_VERBOSITY)'
AM_DEFAULT_VERBOSITY='1'
AM_V='$(V)'
AR='ar'
AUTOCONF='${SHELL} /home/ubuntu/p4/bm/missing autoconf'
AUTOHEADER='${SHELL} /home/ubuntu/p4/bm/missing autoheader'
AUTOMAKE='${SHELL} /home/ubuntu/p4/bm/missing automake-1.15'
AWK='mawk'
BM_VERSION='1.2.0-deace1c9'
CC='gcc'
CCDEPMODE='depmode=gcc3'
CFLAGS='-g -O2'
COND_PDFIXED_FALSE=''
COND_PDFIXED_TRUE='#'
COND_STRESS_TESTS_FALSE=''
COND_STRESS_TESTS_TRUE='#'
COND_TARGETS_FALSE='#'
COND_TARGETS_TRUE=''
COVERAGE_FLAGS=''
CPP='gcc -E'
CPPFLAGS=''
CXX='g++'
CXXCPP='g++ -E'
CXXDEPMODE='depmode=gcc3'
CXXFLAGS='-g -O2 -std=c++11'
CYGPATH_W='echo'
DEFS='-DHAVE_CONFIG_H'
DEPDIR='.deps'
DLLTOOL='false'
DSYMUTIL=''
DUMPBIN=''
ECHO_C=''
ECHO_N='-n'
ECHO_T=''
EGREP='/bin/grep -E'
EXEEXT=''
FGREP='/bin/grep -F'
GREP='/bin/grep'
HAVE_CXX11='1'
INSTALL_DATA='${INSTALL} -m 644'
INSTALL_PROGRAM='${INSTALL}'
INSTALL_SCRIPT='${INSTALL}'
INSTALL_STRIP_PROGRAM='$(install_sh) -c -s'
LD='/usr/bin/ld -m elf_x86_64'
LDFLAGS=''
LIBOBJS=''
LIBS='-lpcap -lnanomsg -lgmp -lJudy '
LIBTOOL='$(SHELL) $(top_builddir)/libtool'
LIPO=''
LN_S='ln -s'
LTLIBOBJS=''
LT_SYS_LIBRARY_PATH=''
MAKEINFO='${SHELL} /home/ubuntu/p4/bm/missing makeinfo'
MANIFEST_TOOL=':'
MKDIR_P='/bin/mkdir -p'
NM='/usr/bin/nm -B'
NMEDIT=''
OBJDUMP='objdump'
OBJEXT='o'
OTOOL64=''
OTOOL=''
P4THRIFT_FALSE=''
P4THRIFT_TRUE='#'
PACKAGE='bm'
PACKAGE_BUGREPORT='antonin@barefootnetworks.com'
PACKAGE_NAME='bm'
PACKAGE_STRING='bm 1.2.0-deace1c9'
PACKAGE_TARNAME='bm'
PACKAGE_URL=''
PACKAGE_VERSION='1.2.0-deace1c9'
PATH_SEPARATOR=':'
PYTHON='/usr/bin/python'
PYTHON_EXEC_PREFIX='${exec_prefix}'
PYTHON_PLATFORM='linux2'
PYTHON_PREFIX='${prefix}'
PYTHON_VERSION='2.7'
RANLIB='ranlib'
SED='/bin/sed'
SET_MAKE=''
SHELL='/bin/bash'
STRIP='strip'
THRIFT='/usr/local/bin/thrift'
THRIFT_LIB='-lthrift'
VERSION='1.2.0-deace1c9'
WITH_PCAP_FIX_FALSE='#'
WITH_PCAP_FIX_TRUE=''
ac_ct_AR='ar'
ac_ct_CC='gcc'
ac_ct_CXX='g++'
ac_ct_DUMPBIN=''
am__EXEEXT_FALSE=''
am__EXEEXT_TRUE='#'
am__fastdepCC_FALSE='#'
am__fastdepCC_TRUE=''
am__fastdepCXX_FALSE='#'
am__fastdepCXX_TRUE=''
am__include='include'
am__isrc=''
am__leading_dot='.'
am__nodep='_no'
am__quote=''
am__tar='$${TAR-tar} chof - "$$tardir"'
am__untar='$${TAR-tar} xf -'
bindir='${exec_prefix}/bin'
build='x86_64-pc-linux-gnu'
build_alias=''
build_cpu='x86_64'
build_os='linux-gnu'
build_vendor='pc'
datadir='${datarootdir}'
datarootdir='${prefix}/share'
docdir='${datarootdir}/doc/${PACKAGE_TARNAME}'
dvidir='${docdir}'
exec_prefix='${prefix}'
host='x86_64-pc-linux-gnu'
host_alias=''
host_cpu='x86_64'
host_os='linux-gnu'
host_vendor='pc'
htmldir='${docdir}'
includedir='${prefix}/include'
infodir='${datarootdir}/info'
install_sh='${SHELL} /home/ubuntu/p4/bm/install-sh'
libdir='${exec_prefix}/lib'
libexecdir='${exec_prefix}/libexec'
localedir='${datarootdir}/locale'
localstatedir='${prefix}/var'
mandir='${datarootdir}/man'
mkdir_p='$(MKDIR_P)'
oldincludedir='/usr/include'
pdfdir='${docdir}'
pkgpyexecdir='${pyexecdir}/bm'
pkgpythondir='${pythondir}/bm'
prefix='/usr/local'
program_transform_name='s,x,x,'
psdir='${docdir}'
pyexecdir='${exec_prefix}/lib/python2.7/dist-packages'
pythondir='${prefix}/lib/python2.7/dist-packages'
runstatedir='${localstatedir}/run'
sbindir='${exec_prefix}/sbin'
sharedstatedir='${prefix}/com'
sysconfdir='${prefix}/etc'
target_alias=''

## ----------- ##
## confdefs.h. ##
## ----------- ##

/* confdefs.h */
#define PACKAGE_NAME "bm"
#define PACKAGE_TARNAME "bm"
#define PACKAGE_VERSION "1.2.0-deace1c9"
#define PACKAGE_STRING "bm 1.2.0-deace1c9"
#define PACKAGE_BUGREPORT "antonin@barefootnetworks.com"
#define PACKAGE_URL ""
#define PACKAGE "bm"
#define VERSION "1.2.0-deace1c9"
#define STDC_HEADERS 1
#define HAVE_SYS_TYPES_H 1
#define HAVE_SYS_STAT_H 1
#define HAVE_STDLIB_H 1
#define HAVE_STRING_H 1
#define HAVE_MEMORY_H 1
#define HAVE_STRINGS_H 1
#define HAVE_INTTYPES_H 1
#define HAVE_STDINT_H 1
#define HAVE_UNISTD_H 1
#define HAVE_DLFCN_H 1
#define LT_OBJDIR ".libs/"
#define HAVE_CXX11 1
#define HAVE_ALGORITHM 1
#define HAVE_ARRAY 1
#define HAVE_CASSERT 1
#define HAVE_CMATH 1
#define HAVE_QUEUE 1
#define HAVE_CSTDIO 1
#define HAVE_STRING 1
#define HAVE_SYS_STAT_H 1
#define HAVE_SYS_TYPES_H 1
#define HAVE_CTIME 1
#define HAVE_TUPLE 1
#define HAVE_UNISTD_H 1
#define HAVE_UNORDERED_MAP 1
#define HAVE_UTILITY 1
#define HAVE_VECTOR 1
#define HAVE_LIBJUDY 1
#define HAVE_LIBGMP 1
#define HAVE_LIBNANOMSG 1
#define HAVE_LIBPCAP 1

configure: exit 0

## ---------------------- ##
## Running config.status. ##
## ---------------------- ##

This file was extended by bm config.status 1.2.0-deace1c9, which was
generated by GNU Autoconf 2.69.  Invocation command line was

  CONFIG_FILES    = 
  CONFIG_HEADERS  = 
  CONFIG_LINKS    = 
  CONFIG_COMMANDS = 
  $ ./config.status targets/Makefile

on ubuntu

config.status:1224: creating targets/Makefile
